<?xml version="1.0" encoding="UTF-8"?>
<!-- Generated by org.testng.reporters.JUnitReportReporter -->
<testsuite name="web.uiautomation.ChromeTest" tests="3" time="22.247" ignored="0" failures="0" timestamp="19 Apr 2020 11:52:44 GMT" skipped="0" hostname="LAPTOP-C7PA48U8" errors="0">
  <testcase name="GSAMPLE3" time="7.400" classname="web.uiautomation.ChromeTest"/>
  <testcase name="GSAMPLE2" time="7.374" classname="web.uiautomation.ChromeTest"/>
  <testcase name="GSAMPLE1" time="7.473" classname="web.uiautomation.ChromeTest"/>
</testsuite> <!-- web.uiautomation.ChromeTest -->
