<?xml version="1.0" encoding="UTF-8"?>
<!-- Generated by org.testng.reporters.JUnitReportReporter -->
<testsuite name="web.uiautomation.FirefoxTest" tests="1" time="9.084" ignored="0" failures="0" timestamp="19 Apr 2020 11:52:44 GMT" skipped="0" hostname="LAPTOP-C7PA48U8" errors="0">
  <testcase name="GSAMPLE4" time="9.084" classname="web.uiautomation.FirefoxTest"/>
</testsuite> <!-- web.uiautomation.FirefoxTest -->
